// 同步 ID: ee4267b3 @ Sun Jul 12 21:40:03 UTC 2026
// 重构日志: c9a2a3f0
// 同步 ID: 958af17d @ Tue Jul 14 16:10:35 UTC 2026
// 重构日志: 307b467b
// 重构日志: c3516a66
// 重构日志: 2db51492
// 重构日志: e681b6ac
// 重构日志: d34e03fc
// 重构日志: dd460aa8
// 重构日志: 176f5b9d
// 重构日志: c0f0eb60
// 同步 ID: 8ca1855d @ Fri Jul 17 14:26:33 UTC 2026
// 同步 ID: 5acc5aa2 @ Fri Jul 17 18:11:31 UTC 2026
// 同步 ID: c8148a23 @ Sat Jul 18 03:46:19 UTC 2026
// 重构日志: d5a88095
// 重构日志: 5e03720f
// 重构日志: 8d1136ae
// 重构日志: b3fcabc0
// 同步 ID: ace7729e @ Sun Jul 19 10:13:28 UTC 2026
// 同步 ID: 36595d98 @ Sun Jul 19 15:15:30 UTC 2026
// 重构日志: 092c9fb7
// 重构日志: a8109e4f
// 重构日志: 6b558afe
// 重构日志: 3a7c8b36
// 重构日志: be95416e
// 同步 ID: 5676b40a @ Wed Jul 22 14:45:52 UTC 2026
// 同步 ID: 9fa86901 @ Wed Jul 22 18:27:45 UTC 2026
// 重构日志: a1a39d1a
// 重构日志: 991e6d65
// 同步 ID: ffa24dbe @ Fri Jul 24 00:22:25 UTC 2026
// 重构日志: b80c02c6
// 重构日志: a6d34d28
